<?xml version="1.0" encoding="UTF-8"?>
<!-- Generated by org.testng.reporters.JUnitXMLReporter -->
<testsuite ignored="0" hostname="VicKy" failures="0" tests="5" name="Default test" time="10.113" errors="0" timestamp="2023-07-06T13:08:31 IST">
  <testcase classname="Test_Classes.Retry_PutTc1" name="extractor" time="4.174"/>
  <testcase classname="Test_Classes.Put_Tc1" name="extractor" time="1.689"/>
  <testcase classname="Test_Classes.Patch_Tc1" name="extractor" time="1.045"/>
  <testcase classname="Test_Classes.Post_Tc1" name="extractor" time="1.803"/>
  <testcase classname="Test_Classes.Retry_PostTc1" name="extractor" time="1.276"/>
</testsuite> <!-- Default test -->
